21:57:33 09/23/18 India Standard Time: User is inserting new data
21:58:24 09/23/18 India Standard Time: User is inserting new data
21:59:20 09/23/18 India Standard Time: User is inserting new data
22:00:28 09/23/18 India Standard Time: User is inserting new data
22:00:28 09/23/18 India Standard Time: User is inserting new data
22:00:48 09/23/18 India Standard Time: User is inserting new data
22:00:48 09/23/18 India Standard Time: User is inserting new data
22:02:27 09/23/18 India Standard Time: User is inserting new data
22:02:40 09/23/18 India Standard Time: User entered home page 
22:02:43 09/23/18 India Standard Time: User is viewing all data
22:03:01 09/23/18 India Standard Time: User is updating an entry
22:03:01 09/23/18 India Standard Time: User is viewing all data
22:03:04 09/23/18 India Standard Time: User is viewing all data
22:03:05 09/23/18 India Standard Time: User is viewing all data
22:03:10 09/23/18 India Standard Time: User is viewing all data
22:03:16 09/23/18 India Standard Time: User is viewing all data
22:03:57 09/23/18 India Standard Time: User is updating an entry
22:03:58 09/23/18 India Standard Time: User is viewing all data
22:04:10 09/23/18 India Standard Time: User is updating an entry
22:04:26 09/23/18 India Standard Time: User is deleting an entry
22:08:40 09/23/18 India Standard Time: User is updating an entry
22:09:13 09/23/18 India Standard Time: User is viewing all data
22:09:19 09/23/18 India Standard Time: User is viewing all data
22:09:59 09/23/18 India Standard Time: User is updating an entry
22:10:09 09/23/18 India Standard Time: User is updating an entry
22:12:29 09/23/18 India Standard Time: User is deleting an entry
22:12:37 09/23/18 India Standard Time: User is deleting an entry
22:12:46 09/23/18 India Standard Time: User is viewing all data
21:09:20 09/28/18 India Standard Time: User entered home page 
22:42:26 09/28/18 India Standard Time: User is resetting data
22:42:47 09/28/18 India Standard Time: User is resetting data
22:43:02 09/28/18 India Standard Time: User entered home page 
22:43:16 09/28/18 India Standard Time: User is viewing all data
22:43:30 09/28/18 India Standard Time: User is inserting new data
22:43:31 09/28/18 India Standard Time: User is viewing all data
22:43:59 09/28/18 India Standard Time: User is inserting new data
22:43:59 09/28/18 India Standard Time: User is viewing all data
22:44:21 09/28/18 India Standard Time: User is resetting data
22:44:21 09/28/18 India Standard Time: User is viewing all data
22:44:30 09/28/18 India Standard Time: User is viewing all data
22:44:31 09/28/18 India Standard Time: User is viewing all data
22:44:31 09/28/18 India Standard Time: User is inserting new data
22:44:36 09/28/18 India Standard Time: User is viewing all data
